#! /c/Source/iverilog-install/bin/vvp
:ivl_version "12.0 (devel)" "(s20150603-1539-g2693dd32b)";
:ivl_delay_selection "TYPICAL";
:vpi_time_precision - 12;
:vpi_module "C:\iverilog\lib\ivl\system.vpi";
:vpi_module "C:\iverilog\lib\ivl\vhdl_sys.vpi";
:vpi_module "C:\iverilog\lib\ivl\vhdl_textio.vpi";
:vpi_module "C:\iverilog\lib\ivl\v2005_math.vpi";
:vpi_module "C:\iverilog\lib\ivl\va_math.vpi";
S_000001577b7bb260 .scope module, "wishbone_tb" "wishbone_tb" 2 4;
 .timescale -9 -12;
v000001577b82aef0_0 .net "ack", 0 0, v000001577b82a630_0;  1 drivers
v000001577b82a090_0 .net "adr", 7 0, v000001577b7bcfd0_0;  1 drivers
v000001577b82ac70_0 .var "adr_in", 7 0;
v000001577b82a590_0 .net "busy", 0 0, v000001577b7bb7b0_0;  1 drivers
v000001577b82a310_0 .var "clk", 0 0;
v000001577b82a3b0_0 .net "cyc", 0 0, v000001577b7bd1b0_0;  1 drivers
v000001577b82a8b0_0 .net "dat_i", 7 0, v000001577b82a270_0;  1 drivers
v000001577b82a450_0 .net "dat_o", 7 0, v000001577b7bd390_0;  1 drivers
v000001577b82a950_0 .var "rst", 0 0;
v000001577b82ad10_0 .var "start", 0 0;
v000001577b82adb0_0 .net "stb", 0 0, v000001577b82a9f0_0;  1 drivers
v000001577b82ae50_0 .net "we", 0 0, v000001577b82a770_0;  1 drivers
v000001577b82b5a0_0 .var "wr_dat_in", 7 0;
E_000001577b7c1d90 .event posedge, v000001577b7bb850_0;
E_000001577b7c1e50 .event anyedge, v000001577b7bb3f0_0;
S_000001577b7bb620 .scope module, "master" "wishbone_master" 2 23, 3 1 0, S_000001577b7bb260;
 .timescale 0 0;
    .port_info 0 /INPUT 1 "clk";
    .port_info 1 /INPUT 1 "rst";
    .port_info 2 /INPUT 1 "ack";
    .port_info 3 /INPUT 8 "dat_i";
    .port_info 4 /INPUT 1 "start";
    .port_info 5 /INPUT 8 "adr_in";
    .port_info 6 /INPUT 8 "dat_in";
    .port_info 7 /OUTPUT 1 "cyc";
    .port_info 8 /OUTPUT 1 "stb";
    .port_info 9 /OUTPUT 1 "we";
    .port_info 10 /OUTPUT 8 "dat_o";
    .port_info 11 /OUTPUT 8 "adr";
    .port_info 12 /OUTPUT 1 "busy";
v000001577b7bb3f0_0 .net "ack", 0 0, v000001577b82a630_0;  alias, 1 drivers
v000001577b7bcfd0_0 .var "adr", 7 0;
v000001577b7933a0_0 .net "adr_in", 7 0, v000001577b82ac70_0;  1 drivers
v000001577b7bb7b0_0 .var "busy", 0 0;
v000001577b7bb850_0 .net "clk", 0 0, v000001577b82a310_0;  1 drivers
v000001577b7bd1b0_0 .var "cyc", 0 0;
v000001577b7bd250_0 .net "dat_i", 7 0, v000001577b82a270_0;  alias, 1 drivers
v000001577b7bd2f0_0 .net "dat_in", 7 0, v000001577b82b5a0_0;  1 drivers
v000001577b7bd390_0 .var "dat_o", 7 0;
v000001577b7bd430_0 .net "rst", 0 0, v000001577b82a950_0;  1 drivers
v000001577b792d20_0 .net "start", 0 0, v000001577b82ad10_0;  1 drivers
v000001577b82a9f0_0 .var "stb", 0 0;
v000001577b82a770_0 .var "we", 0 0;
E_000001577b7c1ad0 .event posedge, v000001577b7bd430_0, v000001577b7bb850_0;
S_000001577b792dc0 .scope module, "slave" "wishbone_slave" 2 40, 4 1 0, S_000001577b7bb260;
 .timescale 0 0;
    .port_info 0 /INPUT 1 "clk";
    .port_info 1 /INPUT 1 "rst";
    .port_info 2 /INPUT 1 "cyc";
    .port_info 3 /INPUT 1 "stb";
    .port_info 4 /INPUT 1 "we";
    .port_info 5 /INPUT 8 "adr";
    .port_info 6 /INPUT 8 "dat_o";
    .port_info 7 /OUTPUT 1 "ack";
    .port_info 8 /OUTPUT 8 "dat_i";
v000001577b82a630_0 .var "ack", 0 0;
v000001577b82a130_0 .net "adr", 7 0, v000001577b7bcfd0_0;  alias, 1 drivers
v000001577b82aa90_0 .net "clk", 0 0, v000001577b82a310_0;  alias, 1 drivers
v000001577b82a810_0 .net "cyc", 0 0, v000001577b7bd1b0_0;  alias, 1 drivers
v000001577b82a270_0 .var "dat_i", 7 0;
v000001577b82ab30_0 .net "dat_o", 7 0, v000001577b7bd390_0;  alias, 1 drivers
v000001577b82abd0 .array "memory", 255 0, 7 0;
v000001577b82a1d0_0 .net "rst", 0 0, v000001577b82a950_0;  alias, 1 drivers
v000001577b82af90_0 .net "stb", 0 0, v000001577b82a9f0_0;  alias, 1 drivers
v000001577b82a4f0_0 .net "we", 0 0, v000001577b82a770_0;  alias, 1 drivers
    .scope S_000001577b7bb620;
T_0 ;
    %wait E_000001577b7c1ad0;
    %load/vec4 v000001577b7bd430_0;
    %flag_set/vec4 8;
    %jmp/0xz  T_0.0, 8;
    %pushi/vec4 0, 0, 1;
    %assign/vec4 v000001577b7bd1b0_0, 0;
    %pushi/vec4 0, 0, 1;
    %assign/vec4 v000001577b82a9f0_0, 0;
    %pushi/vec4 0, 0, 1;
    %assign/vec4 v000001577b82a770_0, 0;
    %pushi/vec4 0, 0, 8;
    %assign/vec4 v000001577b7bcfd0_0, 0;
    %pushi/vec4 0, 0, 8;
    %assign/vec4 v000001577b7bd390_0, 0;
    %pushi/vec4 0, 0, 1;
    %assign/vec4 v000001577b7bb7b0_0, 0;
    %jmp T_0.1;
T_0.0 ;
    %load/vec4 v000001577b7bb7b0_0;
    %nor/r;
    %flag_set/vec4 9;
    %flag_get/vec4 9;
    %jmp/0 T_0.4, 9;
    %load/vec4 v000001577b792d20_0;
    %and;
T_0.4;
    %flag_set/vec4 8;
    %jmp/0xz  T_0.2, 8;
    %pushi/vec4 1, 0, 1;
    %assign/vec4 v000001577b7bd1b0_0, 0;
    %pushi/vec4 1, 0, 1;
    %assign/vec4 v000001577b82a9f0_0, 0;
    %pushi/vec4 1, 0, 1;
    %assign/vec4 v000001577b82a770_0, 0;
    %load/vec4 v000001577b7933a0_0;
    %assign/vec4 v000001577b7bcfd0_0, 0;
    %load/vec4 v000001577b7bd2f0_0;
    %assign/vec4 v000001577b7bd390_0, 0;
    %pushi/vec4 1, 0, 1;
    %assign/vec4 v000001577b7bb7b0_0, 0;
    %jmp T_0.3;
T_0.2 ;
    %load/vec4 v000001577b7bb7b0_0;
    %flag_set/vec4 9;
    %flag_get/vec4 9;
    %jmp/0 T_0.7, 9;
    %load/vec4 v000001577b7bb3f0_0;
    %and;
T_0.7;
    %flag_set/vec4 8;
    %jmp/0xz  T_0.5, 8;
    %pushi/vec4 0, 0, 1;
    %assign/vec4 v000001577b7bd1b0_0, 0;
    %pushi/vec4 0, 0, 1;
    %assign/vec4 v000001577b82a9f0_0, 0;
    %pushi/vec4 0, 0, 1;
    %assign/vec4 v000001577b7bb7b0_0, 0;
T_0.5 ;
T_0.3 ;
T_0.1 ;
    %jmp T_0;
    .thread T_0;
    .scope S_000001577b792dc0;
T_1 ;
    %wait E_000001577b7c1ad0;
    %load/vec4 v000001577b82a1d0_0;
    %flag_set/vec4 8;
    %jmp/0xz  T_1.0, 8;
    %pushi/vec4 0, 0, 1;
    %assign/vec4 v000001577b82a630_0, 0;
    %jmp T_1.1;
T_1.0 ;
    %load/vec4 v000001577b82a810_0;
    %flag_set/vec4 9;
    %flag_get/vec4 9;
    %jmp/0 T_1.4, 9;
    %load/vec4 v000001577b82af90_0;
    %and;
T_1.4;
    %flag_set/vec4 8;
    %jmp/0xz  T_1.2, 8;
    %pushi/vec4 1, 0, 1;
    %assign/vec4 v000001577b82a630_0, 0;
    %load/vec4 v000001577b82a4f0_0;
    %flag_set/vec4 8;
    %jmp/0xz  T_1.5, 8;
    %load/vec4 v000001577b82ab30_0;
    %load/vec4 v000001577b82a130_0;
    %pad/u 10;
    %ix/vec4 3;
    %ix/load 4, 0, 0; Constant delay
    %assign/vec4/a/d v000001577b82abd0, 0, 4;
    %jmp T_1.6;
T_1.5 ;
    %load/vec4 v000001577b82a130_0;
    %pad/u 10;
    %ix/vec4 4;
    %load/vec4a v000001577b82abd0, 4;
    %assign/vec4 v000001577b82a270_0, 0;
T_1.6 ;
    %jmp T_1.3;
T_1.2 ;
    %pushi/vec4 0, 0, 1;
    %assign/vec4 v000001577b82a630_0, 0;
T_1.3 ;
T_1.1 ;
    %jmp T_1;
    .thread T_1;
    .scope S_000001577b7bb260;
T_2 ;
    %delay 5000, 0;
    %load/vec4 v000001577b82a310_0;
    %inv;
    %store/vec4 v000001577b82a310_0, 0, 1;
    %jmp T_2;
    .thread T_2;
    .scope S_000001577b7bb260;
T_3 ;
    %wait E_000001577b7c1d90;
    %vpi_call 2 56 "$display", "%0t\011%0b    %0b   %0b   %0b  %0b   0x%0h  0x%0h  0x%0h", $time, v000001577b82a590_0, v000001577b82a3b0_0, v000001577b82adb0_0, v000001577b82ae50_0, v000001577b82aef0_0, v000001577b82a090_0, v000001577b82a450_0, v000001577b82a8b0_0 {0 0 0};
    %jmp T_3;
    .thread T_3;
    .scope S_000001577b7bb260;
T_4 ;
    %vpi_call 2 61 "$dumpfile", "wishbone.vcd" {0 0 0};
    %vpi_call 2 62 "$dumpvars", 32'sb00000000000000000000000000000000, S_000001577b7bb260 {0 0 0};
    %pushi/vec4 0, 0, 1;
    %store/vec4 v000001577b82a310_0, 0, 1;
    %pushi/vec4 1, 0, 1;
    %store/vec4 v000001577b82a950_0, 0, 1;
    %pushi/vec4 0, 0, 1;
    %store/vec4 v000001577b82ad10_0, 0, 1;
    %pushi/vec4 0, 0, 8;
    %store/vec4 v000001577b82ac70_0, 0, 8;
    %pushi/vec4 0, 0, 8;
    %store/vec4 v000001577b82b5a0_0, 0, 8;
    %vpi_call 2 70 "$display", "Time\011busy cyc stb we ack adr dat_o dat_i" {0 0 0};
    %delay 20000, 0;
    %pushi/vec4 0, 0, 1;
    %store/vec4 v000001577b82a950_0, 0, 1;
    %wait E_000001577b7c1d90;
    %pushi/vec4 16, 0, 8;
    %store/vec4 v000001577b82ac70_0, 0, 8;
    %pushi/vec4 170, 0, 8;
    %store/vec4 v000001577b82b5a0_0, 0, 8;
    %pushi/vec4 1, 0, 1;
    %store/vec4 v000001577b82ad10_0, 0, 1;
    %wait E_000001577b7c1d90;
    %pushi/vec4 0, 0, 1;
    %store/vec4 v000001577b82ad10_0, 0, 1;
T_4.0 ;
    %load/vec4 v000001577b82aef0_0;
    %pad/u 32;
    %pushi/vec4 1, 0, 32;
    %cmp/e;
    %flag_get/vec4 4;
    %cmpi/ne 1, 0, 1;
    %jmp/0xz T_4.1, 6;
    %wait E_000001577b7c1e50;
    %jmp T_4.0;
T_4.1 ;
T_4.2 ;
    %load/vec4 v000001577b82aef0_0;
    %pad/u 32;
    %pushi/vec4 0, 0, 32;
    %cmp/e;
    %flag_get/vec4 4;
    %cmpi/ne 1, 0, 1;
    %jmp/0xz T_4.3, 6;
    %wait E_000001577b7c1e50;
    %jmp T_4.2;
T_4.3 ;
    %wait E_000001577b7c1d90;
    %pushi/vec4 32, 0, 8;
    %store/vec4 v000001577b82ac70_0, 0, 8;
    %pushi/vec4 85, 0, 8;
    %store/vec4 v000001577b82b5a0_0, 0, 8;
    %pushi/vec4 1, 0, 1;
    %store/vec4 v000001577b82ad10_0, 0, 1;
    %wait E_000001577b7c1d90;
    %pushi/vec4 0, 0, 1;
    %store/vec4 v000001577b82ad10_0, 0, 1;
T_4.4 ;
    %load/vec4 v000001577b82aef0_0;
    %pad/u 32;
    %pushi/vec4 1, 0, 32;
    %cmp/e;
    %flag_get/vec4 4;
    %cmpi/ne 1, 0, 1;
    %jmp/0xz T_4.5, 6;
    %wait E_000001577b7c1e50;
    %jmp T_4.4;
T_4.5 ;
T_4.6 ;
    %load/vec4 v000001577b82aef0_0;
    %pad/u 32;
    %pushi/vec4 0, 0, 32;
    %cmp/e;
    %flag_get/vec4 4;
    %cmpi/ne 1, 0, 1;
    %jmp/0xz T_4.7, 6;
    %wait E_000001577b7c1e50;
    %jmp T_4.6;
T_4.7 ;
    %pushi/vec4 3, 0, 32;
T_4.8 %dup/vec4;
    %pushi/vec4 0, 0, 32;
    %cmp/s;
    %jmp/1xz T_4.9, 5;
    %jmp/1 T_4.9, 4;
    %pushi/vec4 1, 0, 32;
    %sub;
    %wait E_000001577b7c1d90;
    %jmp T_4.8;
T_4.9 ;
    %pop/vec4 1;
    %vpi_call 2 97 "$display", "Memory[0x10]=0x%0h", &A<v000001577b82abd0, 16> {0 0 0};
    %vpi_call 2 98 "$display", "Memory[0x20]=0x%0h", &A<v000001577b82abd0, 32> {0 0 0};
    %delay 10000, 0;
    %vpi_call 2 101 "$finish" {0 0 0};
    %end;
    .thread T_4;
# The file index is used to find the file name in the following table.
:file_names 5;
    "N/A";
    "<interactive>";
    "wishbone_tb.v";
    "./wishbone_master.v";
    "./wishbone_slave.v";
