#! /c/Source/iverilog-install/bin/vvp
:ivl_version "12.0 (devel)" "(s20150603-1539-g2693dd32b)";
:ivl_delay_selection "TYPICAL";
:vpi_time_precision + 0;
:vpi_module "C:\iverilog\lib\ivl\system.vpi";
:vpi_module "C:\iverilog\lib\ivl\vhdl_sys.vpi";
:vpi_module "C:\iverilog\lib\ivl\vhdl_textio.vpi";
:vpi_module "C:\iverilog\lib\ivl\v2005_math.vpi";
:vpi_module "C:\iverilog\lib\ivl\va_math.vpi";
S_000001a380502df0 .scope module, "wishbone_master" "wishbone_master" 2 1;
 .timescale 0 0;
    .port_info 0 /INPUT 1 "clk";
    .port_info 1 /INPUT 1 "rst";
    .port_info 2 /INPUT 1 "ack";
    .port_info 3 /INPUT 8 "dat_i";
    .port_info 4 /INPUT 1 "start";
    .port_info 5 /INPUT 8 "adr_in";
    .port_info 6 /INPUT 8 "dat_in";
    .port_info 7 /OUTPUT 1 "cyc";
    .port_info 8 /OUTPUT 1 "stb";
    .port_info 9 /OUTPUT 1 "we";
    .port_info 10 /OUTPUT 8 "dat_o";
    .port_info 11 /OUTPUT 8 "adr";
    .port_info 12 /OUTPUT 1 "busy";
o000001a380539f98 .functor BUFZ 1, C4<z>; HiZ drive
v000001a380503360_0 .net "ack", 0 0, o000001a380539f98;  0 drivers
v000001a380503060_0 .var "adr", 7 0;
o000001a380539ff8 .functor BUFZ 8, C4<zzzzzzzz>; HiZ drive
v000001a380503100_0 .net "adr_in", 7 0, o000001a380539ff8;  0 drivers
v000001a380533cf0_0 .var "busy", 0 0;
o000001a38053a058 .functor BUFZ 1, C4<z>; HiZ drive
v000001a380533d90_0 .net "clk", 0 0, o000001a38053a058;  0 drivers
v000001a380533e30_0 .var "cyc", 0 0;
o000001a38053a0b8 .functor BUFZ 8, C4<zzzzzzzz>; HiZ drive
v000001a380533ed0_0 .net "dat_i", 7 0, o000001a38053a0b8;  0 drivers
o000001a38053a0e8 .functor BUFZ 8, C4<zzzzzzzz>; HiZ drive
v000001a380533f70_0 .net "dat_in", 7 0, o000001a38053a0e8;  0 drivers
v000001a380534010_0 .var "dat_o", 7 0;
o000001a38053a148 .functor BUFZ 1, C4<z>; HiZ drive
v000001a3805340b0_0 .net "rst", 0 0, o000001a38053a148;  0 drivers
o000001a38053a178 .functor BUFZ 1, C4<z>; HiZ drive
v000001a380534150_0 .net "start", 0 0, o000001a38053a178;  0 drivers
v000001a3805341f0_0 .var "stb", 0 0;
v000001a380534290_0 .var "we", 0 0;
E_000001a380618cb0 .event posedge, v000001a3805340b0_0, v000001a380533d90_0;
    .scope S_000001a380502df0;
T_0 ;
    %wait E_000001a380618cb0;
    %load/vec4 v000001a3805340b0_0;
    %flag_set/vec4 8;
    %jmp/0xz  T_0.0, 8;
    %pushi/vec4 0, 0, 1;
    %assign/vec4 v000001a380533e30_0, 0;
    %pushi/vec4 0, 0, 1;
    %assign/vec4 v000001a3805341f0_0, 0;
    %pushi/vec4 0, 0, 1;
    %assign/vec4 v000001a380534290_0, 0;
    %pushi/vec4 0, 0, 8;
    %assign/vec4 v000001a380503060_0, 0;
    %pushi/vec4 0, 0, 8;
    %assign/vec4 v000001a380534010_0, 0;
    %pushi/vec4 0, 0, 1;
    %assign/vec4 v000001a380533cf0_0, 0;
    %jmp T_0.1;
T_0.0 ;
    %load/vec4 v000001a380533cf0_0;
    %nor/r;
    %flag_set/vec4 9;
    %flag_get/vec4 9;
    %jmp/0 T_0.4, 9;
    %load/vec4 v000001a380534150_0;
    %and;
T_0.4;
    %flag_set/vec4 8;
    %jmp/0xz  T_0.2, 8;
    %pushi/vec4 1, 0, 1;
    %assign/vec4 v000001a380533e30_0, 0;
    %pushi/vec4 1, 0, 1;
    %assign/vec4 v000001a3805341f0_0, 0;
    %pushi/vec4 1, 0, 1;
    %assign/vec4 v000001a380534290_0, 0;
    %load/vec4 v000001a380503100_0;
    %assign/vec4 v000001a380503060_0, 0;
    %load/vec4 v000001a380533f70_0;
    %assign/vec4 v000001a380534010_0, 0;
    %pushi/vec4 1, 0, 1;
    %assign/vec4 v000001a380533cf0_0, 0;
    %jmp T_0.3;
T_0.2 ;
    %load/vec4 v000001a380533cf0_0;
    %flag_set/vec4 9;
    %flag_get/vec4 9;
    %jmp/0 T_0.7, 9;
    %load/vec4 v000001a380503360_0;
    %and;
T_0.7;
    %flag_set/vec4 8;
    %jmp/0xz  T_0.5, 8;
    %pushi/vec4 0, 0, 1;
    %assign/vec4 v000001a380533e30_0, 0;
    %pushi/vec4 0, 0, 1;
    %assign/vec4 v000001a3805341f0_0, 0;
    %pushi/vec4 0, 0, 1;
    %assign/vec4 v000001a380533cf0_0, 0;
T_0.5 ;
T_0.3 ;
T_0.1 ;
    %jmp T_0;
    .thread T_0;
# The file index is used to find the file name in the following table.
:file_names 3;
    "N/A";
    "<interactive>";
    "wishbone_master.v";
